app/build/intermediates/manifest_merge_blame_file/debug/manifest-merger-blame-debug-report.txt
1<?xml version="1.0" encoding="utf-8"?>
2<manifest xmlns:android="http://schemas.android.com/apk/res/android"
3    package="mohalim.alarm.infocontest"
4    android:versionCode="3"
5    android:versionName="1.03" >
6
7    <uses-sdk
8        android:minSdkVersion="24"
8-->src\main\AndroidManifest.xml
9        android:targetSdkVersion="31" />
9-->src\main\AndroidManifest.xml
10
11    <uses-permission android:name="android.permission.INTERNET" />
11-->src\main\AndroidManifest.xml:6:5-67
11-->src\main\AndroidManifest.xml:6:22-64
12    <uses-permission android:name="android.permission.ACCESS_NETWORK_STATE" />
12-->src\main\AndroidManifest.xml:7:5-79
12-->src\main\AndroidManifest.xml:7:22-76
13    <uses-permission android:name="android.permission.ACCESS_WIFI_STATE" />
13-->src\main\AndroidManifest.xml:8:5-76
13-->src\main\AndroidManifest.xml:8:22-73
14    <uses-permission android:name="android.permission.WAKE_LOCK" />
14-->[androidx.work:work-runtime:2.8.0-alpha02] AndroidManifest.xml:25:5-68
14-->[androidx.work:work-runtime:2.8.0-alpha02] AndroidManifest.xml:25:22-65
15    <uses-permission android:name="android.permission.RECEIVE_BOOT_COMPLETED" />
15-->[androidx.work:work-runtime:2.8.0-alpha02] AndroidManifest.xml:27:5-81
15-->[androidx.work:work-runtime:2.8.0-alpha02] AndroidManifest.xml:27:22-78
16    <uses-permission android:name="android.permission.FOREGROUND_SERVICE" />
16-->[androidx.work:work-runtime:2.8.0-alpha02] AndroidManifest.xml:28:5-77
16-->[androidx.work:work-runtime:2.8.0-alpha02] AndroidManifest.xml:28:22-74
17
18    <application
18-->src\main\AndroidManifest.xml:11:5-45:19
19        android:name="mohalim.alarm.infocontest.core.di.MyApp"
19-->src\main\AndroidManifest.xml:12:9-38
20        android:allowBackup="true"
20-->src\main\AndroidManifest.xml:13:9-35
21        android:appComponentFactory="androidx.core.app.CoreComponentFactory"
21-->[androidx.core:core:1.8.0] AndroidManifest.xml:24:18-86
22        android:debuggable="true"
23        android:extractNativeLibs="false"
24        android:icon="@mipmap/ic_launcher"
24-->src\main\AndroidManifest.xml:14:9-43
25        android:label="@string/app_name"
25-->src\main\AndroidManifest.xml:15:9-41
26        android:roundIcon="@mipmap/ic_launcher_round"
26-->src\main\AndroidManifest.xml:16:9-54
27        android:supportsRtl="true"
27-->src\main\AndroidManifest.xml:17:9-35
28        android:testOnly="true"
29        android:theme="@style/Theme.InfoContest" >
29-->src\main\AndroidManifest.xml:18:9-49
30        <activity
30-->src\main\AndroidManifest.xml:19:9-21:40
31            android:name="mohalim.alarm.infocontest.ui.login.AdminActivity"
31-->src\main\AndroidManifest.xml:20:13-51
32            android:exported="false" />
32-->src\main\AndroidManifest.xml:21:13-37
33        <activity
33-->src\main\AndroidManifest.xml:22:9-24:39
34            android:name="mohalim.alarm.infocontest.ui.result.ResultActivity"
34-->src\main\AndroidManifest.xml:23:13-53
35            android:exported="true" />
35-->src\main\AndroidManifest.xml:24:13-36
36        <activity
36-->src\main\AndroidManifest.xml:25:9-27:39
37            android:name="mohalim.alarm.infocontest.ui.quiz.QuizActivity"
37-->src\main\AndroidManifest.xml:26:13-49
38            android:exported="true" />
38-->src\main\AndroidManifest.xml:27:13-36
39        <activity
39-->src\main\AndroidManifest.xml:28:9-30:39
40            android:name="mohalim.alarm.infocontest.ui.main.MainActivity"
40-->src\main\AndroidManifest.xml:29:13-49
41            android:exported="true" />
41-->src\main\AndroidManifest.xml:30:13-36
42        <activity
42-->src\main\AndroidManifest.xml:31:9-39:20
43            android:name="mohalim.alarm.infocontest.ui.splash.SplashActivity"
43-->src\main\AndroidManifest.xml:32:13-53
44            android:exported="true" >
44-->src\main\AndroidManifest.xml:33:13-36
45            <intent-filter>
45-->src\main\AndroidManifest.xml:34:13-38:29
46                <action android:name="android.intent.action.MAIN" />
46-->src\main\AndroidManifest.xml:35:17-69
46-->src\main\AndroidManifest.xml:35:25-66
47
48                <category android:name="android.intent.category.LAUNCHER" />
48-->src\main\AndroidManifest.xml:37:17-77
48-->src\main\AndroidManifest.xml:37:27-74
49            </intent-filter>
50        </activity>
51        <activity
51-->[androidx.compose.ui:ui-tooling:1.1.1] AndroidManifest.xml:25:9-27:39
52            android:name="androidx.compose.ui.tooling.PreviewActivity"
52-->[androidx.compose.ui:ui-tooling:1.1.1] AndroidManifest.xml:26:13-71
53            android:exported="true" />
53-->[androidx.compose.ui:ui-tooling:1.1.1] AndroidManifest.xml:27:13-36
54
55        <service
55-->[androidx.work:work-runtime:2.8.0-alpha02] AndroidManifest.xml:41:9-47:35
56            android:name="androidx.work.impl.background.systemalarm.SystemAlarmService"
56-->[androidx.work:work-runtime:2.8.0-alpha02] AndroidManifest.xml:42:13-88
57            android:directBootAware="false"
57-->[androidx.work:work-runtime:2.8.0-alpha02] AndroidManifest.xml:43:13-44
58            android:enabled="@bool/enable_system_alarm_service_default"
58-->[androidx.work:work-runtime:2.8.0-alpha02] AndroidManifest.xml:44:13-72
59            android:exported="false" />
59-->[androidx.work:work-runtime:2.8.0-alpha02] AndroidManifest.xml:45:13-37
60        <service
60-->[androidx.work:work-runtime:2.8.0-alpha02] AndroidManifest.xml:48:9-54:35
61            android:name="androidx.work.impl.background.systemjob.SystemJobService"
61-->[androidx.work:work-runtime:2.8.0-alpha02] AndroidManifest.xml:49:13-84
62            android:directBootAware="false"
62-->[androidx.work:work-runtime:2.8.0-alpha02] AndroidManifest.xml:50:13-44
63            android:enabled="@bool/enable_system_job_service_default"
63-->[androidx.work:work-runtime:2.8.0-alpha02] AndroidManifest.xml:51:13-70
64            android:exported="true"
64-->[androidx.work:work-runtime:2.8.0-alpha02] AndroidManifest.xml:52:13-36
65            android:permission="android.permission.BIND_JOB_SERVICE" />
65-->[androidx.work:work-runtime:2.8.0-alpha02] AndroidManifest.xml:53:13-69
66        <service
66-->[androidx.work:work-runtime:2.8.0-alpha02] AndroidManifest.xml:55:9-61:35
67            android:name="androidx.work.impl.foreground.SystemForegroundService"
67-->[androidx.work:work-runtime:2.8.0-alpha02] AndroidManifest.xml:56:13-81
68            android:directBootAware="false"
68-->[androidx.work:work-runtime:2.8.0-alpha02] AndroidManifest.xml:57:13-44
69            android:enabled="@bool/enable_system_foreground_service_default"
69-->[androidx.work:work-runtime:2.8.0-alpha02] AndroidManifest.xml:58:13-77
70            android:exported="false" />
70-->[androidx.work:work-runtime:2.8.0-alpha02] AndroidManifest.xml:59:13-37
71
72        <receiver
72-->[androidx.work:work-runtime:2.8.0-alpha02] AndroidManifest.xml:63:9-68:35
73            android:name="androidx.work.impl.utils.ForceStopRunnable$BroadcastReceiver"
73-->[androidx.work:work-runtime:2.8.0-alpha02] AndroidManifest.xml:64:13-88
74            android:directBootAware="false"
74-->[androidx.work:work-runtime:2.8.0-alpha02] AndroidManifest.xml:65:13-44
75            android:enabled="true"
75-->[androidx.work:work-runtime:2.8.0-alpha02] AndroidManifest.xml:66:13-35
76            android:exported="false" />
76-->[androidx.work:work-runtime:2.8.0-alpha02] AndroidManifest.xml:67:13-37
77        <receiver
77-->[androidx.work:work-runtime:2.8.0-alpha02] AndroidManifest.xml:69:9-79:20
78            android:name="androidx.work.impl.background.systemalarm.ConstraintProxy$BatteryChargingProxy"
78-->[androidx.work:work-runtime:2.8.0-alpha02] AndroidManifest.xml:70:13-106
79            android:directBootAware="false"
79-->[androidx.work:work-runtime:2.8.0-alpha02] AndroidManifest.xml:71:13-44
80            android:enabled="false"
80-->[androidx.work:work-runtime:2.8.0-alpha02] AndroidManifest.xml:72:13-36
81            android:exported="false" >
81-->[androidx.work:work-runtime:2.8.0-alpha02] AndroidManifest.xml:73:13-37
82            <intent-filter>
82-->[androidx.work:work-runtime:2.8.0-alpha02] AndroidManifest.xml:75:13-78:29
83                <action android:name="android.intent.action.ACTION_POWER_CONNECTED" />
83-->[androidx.work:work-runtime:2.8.0-alpha02] AndroidManifest.xml:76:17-87
83-->[androidx.work:work-runtime:2.8.0-alpha02] AndroidManifest.xml:76:25-84
84                <action android:name="android.intent.action.ACTION_POWER_DISCONNECTED" />
84-->[androidx.work:work-runtime:2.8.0-alpha02] AndroidManifest.xml:77:17-90
84-->[androidx.work:work-runtime:2.8.0-alpha02] AndroidManifest.xml:77:25-87
85            </intent-filter>
86        </receiver>
87        <receiver
87-->[androidx.work:work-runtime:2.8.0-alpha02] AndroidManifest.xml:80:9-90:20
88            android:name="androidx.work.impl.background.systemalarm.ConstraintProxy$BatteryNotLowProxy"
88-->[androidx.work:work-runtime:2.8.0-alpha02] AndroidManifest.xml:81:13-104
89            android:directBootAware="false"
89-->[androidx.work:work-runtime:2.8.0-alpha02] AndroidManifest.xml:82:13-44
90            android:enabled="false"
90-->[androidx.work:work-runtime:2.8.0-alpha02] AndroidManifest.xml:83:13-36
91            android:exported="false" >
91-->[androidx.work:work-runtime:2.8.0-alpha02] AndroidManifest.xml:84:13-37
92            <intent-filter>
92-->[androidx.work:work-runtime:2.8.0-alpha02] AndroidManifest.xml:86:13-89:29
93                <action android:name="android.intent.action.BATTERY_OKAY" />
93-->[androidx.work:work-runtime:2.8.0-alpha02] AndroidManifest.xml:87:17-77
93-->[androidx.work:work-runtime:2.8.0-alpha02] AndroidManifest.xml:87:25-74
94                <action android:name="android.intent.action.BATTERY_LOW" />
94-->[androidx.work:work-runtime:2.8.0-alpha02] AndroidManifest.xml:88:17-76
94-->[androidx.work:work-runtime:2.8.0-alpha02] AndroidManifest.xml:88:25-73
95            </intent-filter>
96        </receiver>
97        <receiver
97-->[androidx.work:work-runtime:2.8.0-alpha02] AndroidManifest.xml:91:9-101:20
98            android:name="androidx.work.impl.background.systemalarm.ConstraintProxy$StorageNotLowProxy"
98-->[androidx.work:work-runtime:2.8.0-alpha02] AndroidManifest.xml:92:13-104
99            android:directBootAware="false"
99-->[androidx.work:work-runtime:2.8.0-alpha02] AndroidManifest.xml:93:13-44
100            android:enabled="false"
100-->[androidx.work:work-runtime:2.8.0-alpha02] AndroidManifest.xml:94:13-36
101            android:exported="false" >
101-->[androidx.work:work-runtime:2.8.0-alpha02] AndroidManifest.xml:95:13-37
102            <intent-filter>
102-->[androidx.work:work-runtime:2.8.0-alpha02] AndroidManifest.xml:97:13-100:29
103                <action android:name="android.intent.action.DEVICE_STORAGE_LOW" />
103-->[androidx.work:work-runtime:2.8.0-alpha02] AndroidManifest.xml:98:17-83
103-->[androidx.work:work-runtime:2.8.0-alpha02] AndroidManifest.xml:98:25-80
104                <action android:name="android.intent.action.DEVICE_STORAGE_OK" />
104-->[androidx.work:work-runtime:2.8.0-alpha02] AndroidManifest.xml:99:17-82
104-->[androidx.work:work-runtime:2.8.0-alpha02] AndroidManifest.xml:99:25-79
105            </intent-filter>
106        </receiver>
107        <receiver
107-->[androidx.work:work-runtime:2.8.0-alpha02] AndroidManifest.xml:102:9-111:20
108            android:name="androidx.work.impl.background.systemalarm.ConstraintProxy$NetworkStateProxy"
108-->[androidx.work:work-runtime:2.8.0-alpha02] AndroidManifest.xml:103:13-103
109            android:directBootAware="false"
109-->[androidx.work:work-runtime:2.8.0-alpha02] AndroidManifest.xml:104:13-44
110            android:enabled="false"
110-->[androidx.work:work-runtime:2.8.0-alpha02] AndroidManifest.xml:105:13-36
111            android:exported="false" >
111-->[androidx.work:work-runtime:2.8.0-alpha02] AndroidManifest.xml:106:13-37
112            <intent-filter>
112-->[androidx.work:work-runtime:2.8.0-alpha02] AndroidManifest.xml:108:13-110:29
113                <action android:name="android.net.conn.CONNECTIVITY_CHANGE" />
113-->[androidx.work:work-runtime:2.8.0-alpha02] AndroidManifest.xml:109:17-79
113-->[androidx.work:work-runtime:2.8.0-alpha02] AndroidManifest.xml:109:25-76
114            </intent-filter>
115        </receiver>
116        <receiver
116-->[androidx.work:work-runtime:2.8.0-alpha02] AndroidManifest.xml:112:9-123:20
117            android:name="androidx.work.impl.background.systemalarm.RescheduleReceiver"
117-->[androidx.work:work-runtime:2.8.0-alpha02] AndroidManifest.xml:113:13-88
118            android:directBootAware="false"
118-->[androidx.work:work-runtime:2.8.0-alpha02] AndroidManifest.xml:114:13-44
119            android:enabled="false"
119-->[androidx.work:work-runtime:2.8.0-alpha02] AndroidManifest.xml:115:13-36
120            android:exported="false" >
120-->[androidx.work:work-runtime:2.8.0-alpha02] AndroidManifest.xml:116:13-37
121            <intent-filter>
121-->[androidx.work:work-runtime:2.8.0-alpha02] AndroidManifest.xml:118:13-122:29
122                <action android:name="android.intent.action.BOOT_COMPLETED" />
122-->[androidx.work:work-runtime:2.8.0-alpha02] AndroidManifest.xml:119:17-79
122-->[androidx.work:work-runtime:2.8.0-alpha02] AndroidManifest.xml:119:25-76
123                <action android:name="android.intent.action.TIME_SET" />
123-->[androidx.work:work-runtime:2.8.0-alpha02] AndroidManifest.xml:120:17-73
123-->[androidx.work:work-runtime:2.8.0-alpha02] AndroidManifest.xml:120:25-70
124                <action android:name="android.intent.action.TIMEZONE_CHANGED" />
124-->[androidx.work:work-runtime:2.8.0-alpha02] AndroidManifest.xml:121:17-81
124-->[androidx.work:work-runtime:2.8.0-alpha02] AndroidManifest.xml:121:25-78
125            </intent-filter>
126        </receiver>
127        <receiver
127-->[androidx.work:work-runtime:2.8.0-alpha02] AndroidManifest.xml:124:9-133:20
128            android:name="androidx.work.impl.background.systemalarm.ConstraintProxyUpdateReceiver"
128-->[androidx.work:work-runtime:2.8.0-alpha02] AndroidManifest.xml:125:13-99
129            android:directBootAware="false"
129-->[androidx.work:work-runtime:2.8.0-alpha02] AndroidManifest.xml:126:13-44
130            android:enabled="@bool/enable_system_alarm_service_default"
130-->[androidx.work:work-runtime:2.8.0-alpha02] AndroidManifest.xml:127:13-72
131            android:exported="false" >
131-->[androidx.work:work-runtime:2.8.0-alpha02] AndroidManifest.xml:128:13-37
132            <intent-filter>
132-->[androidx.work:work-runtime:2.8.0-alpha02] AndroidManifest.xml:130:13-132:29
133                <action android:name="androidx.work.impl.background.systemalarm.UpdateProxies" />
133-->[androidx.work:work-runtime:2.8.0-alpha02] AndroidManifest.xml:131:17-98
133-->[androidx.work:work-runtime:2.8.0-alpha02] AndroidManifest.xml:131:25-95
134            </intent-filter>
135        </receiver>
136        <receiver
136-->[androidx.work:work-runtime:2.8.0-alpha02] AndroidManifest.xml:134:9-144:20
137            android:name="androidx.work.impl.diagnostics.DiagnosticsReceiver"
137-->[androidx.work:work-runtime:2.8.0-alpha02] AndroidManifest.xml:135:13-78
138            android:directBootAware="false"
138-->[androidx.work:work-runtime:2.8.0-alpha02] AndroidManifest.xml:136:13-44
139            android:enabled="true"
139-->[androidx.work:work-runtime:2.8.0-alpha02] AndroidManifest.xml:137:13-35
140            android:exported="true"
140-->[androidx.work:work-runtime:2.8.0-alpha02] AndroidManifest.xml:138:13-36
141            android:permission="android.permission.DUMP" >
141-->[androidx.work:work-runtime:2.8.0-alpha02] AndroidManifest.xml:139:13-57
142            <intent-filter>
142-->[androidx.work:work-runtime:2.8.0-alpha02] AndroidManifest.xml:141:13-143:29
143                <action android:name="androidx.work.diagnostics.REQUEST_DIAGNOSTICS" />
143-->[androidx.work:work-runtime:2.8.0-alpha02] AndroidManifest.xml:142:17-88
143-->[androidx.work:work-runtime:2.8.0-alpha02] AndroidManifest.xml:142:25-85
144            </intent-filter>
145        </receiver>
146
147        <service
147-->[androidx.room:room-runtime:2.4.2] AndroidManifest.xml:25:9-28:40
148            android:name="androidx.room.MultiInstanceInvalidationService"
148-->[androidx.room:room-runtime:2.4.2] AndroidManifest.xml:26:13-74
149            android:directBootAware="true"
149-->[androidx.room:room-runtime:2.4.2] AndroidManifest.xml:27:13-43
150            android:exported="false" />
150-->[androidx.room:room-runtime:2.4.2] AndroidManifest.xml:28:13-37
151
152        <receiver
152-->[androidx.profileinstaller:profileinstaller:1.1.0] AndroidManifest.xml:36:9-45:20
153            android:name="androidx.profileinstaller.ProfileInstallReceiver"
153-->[androidx.profileinstaller:profileinstaller:1.1.0] AndroidManifest.xml:37:13-76
154            android:directBootAware="false"
154-->[androidx.profileinstaller:profileinstaller:1.1.0] AndroidManifest.xml:38:13-44
155            android:enabled="true"
155-->[androidx.profileinstaller:profileinstaller:1.1.0] AndroidManifest.xml:39:13-35
156            android:exported="true"
156-->[androidx.profileinstaller:profileinstaller:1.1.0] AndroidManifest.xml:40:13-36
157            android:permission="android.permission.DUMP" >
157-->[androidx.profileinstaller:profileinstaller:1.1.0] AndroidManifest.xml:41:13-57
158            <intent-filter>
158-->[androidx.profileinstaller:profileinstaller:1.1.0] AndroidManifest.xml:42:13-44:29
159                <action android:name="androidx.profileinstaller.action.INSTALL_PROFILE" />
159-->[androidx.profileinstaller:profileinstaller:1.1.0] AndroidManifest.xml:43:17-91
159-->[androidx.profileinstaller:profileinstaller:1.1.0] AndroidManifest.xml:43:25-88
160            </intent-filter>
161        </receiver>
162    </application>
163
164</manifest>